[2019-11-14T22:25:02.104] [INFO] cli 4.2.26 - List started
[2019-11-14T22:25:02.107] [INFO] cli 4.2.26 - ========== Listing assets ===========
[2019-11-14T22:25:02.107] [INFO] cli 4.2.26 - 
[2019-11-14T22:25:02.107] [INFO] cli 4.2.26 - 
[2019-11-14T22:25:02.107] [INFO] cli 4.2.26 - List complete, artifacts listed 0
[2019-11-14T22:25:26.051] [INFO] cli 4.2.26 - List started
[2019-11-14T22:25:26.054] [INFO] cli 4.2.26 - ========== Listing site definitions ===========
[2019-11-14T22:25:26.054] [INFO] cli 4.2.26 - 
[2019-11-14T22:25:26.054] [INFO] cli 4.2.26 - 
[2019-11-14T22:25:26.054] [INFO] cli 4.2.26 - List complete, artifacts listed 0
[2019-11-14T22:25:40.864] [INFO] cli 4.2.26 - List started
[2019-11-14T22:25:40.870] [INFO] cli 4.2.26 - ========== Listing site definitions ===========
[2019-11-14T22:25:40.870] [INFO] cli 4.2.26 - 
[2019-11-14T22:25:40.870] [INFO] cli 4.2.26 - 
[2019-11-14T22:25:40.871] [INFO] cli 4.2.26 - List complete, artifacts listed 0
[2019-11-14T22:25:55.803] [INFO] cli 4.2.26 - List started
[2019-11-14T22:25:55.811] [INFO] cli 4.2.26 - ========== Listing libraries ===========
[2019-11-14T22:25:55.812] [INFO] cli 4.2.26 - 
[2019-11-14T22:25:55.812] [INFO] cli 4.2.26 - 
[2019-11-14T22:25:55.812] [INFO] cli 4.2.26 - ========== Listing image profiles ===========
[2019-11-14T22:25:55.812] [INFO] cli 4.2.26 - 
[2019-11-14T22:25:55.812] [INFO] cli 4.2.26 - 
[2019-11-14T22:25:55.812] [INFO] cli 4.2.26 - ========== Listing categories ===========
[2019-11-14T22:25:55.812] [INFO] cli 4.2.26 - 
[2019-11-14T22:25:55.812] [INFO] cli 4.2.26 - 
[2019-11-14T22:25:55.812] [INFO] cli 4.2.26 - ========== Listing assets ===========
[2019-11-14T22:25:55.812] [INFO] cli 4.2.26 - 
[2019-11-14T22:25:55.812] [INFO] cli 4.2.26 - 
[2019-11-14T22:25:55.812] [INFO] cli 4.2.26 - ========== Listing layouts ===========
[2019-11-14T22:25:55.813] [INFO] cli 4.2.26 - 
[2019-11-14T22:25:55.813] [INFO] cli 4.2.26 - 
[2019-11-14T22:25:55.813] [INFO] cli 4.2.26 - ========== Listing layout mappings ===========
[2019-11-14T22:25:55.813] [INFO] cli 4.2.26 - 
[2019-11-14T22:25:55.813] [INFO] cli 4.2.26 - 
[2019-11-14T22:25:55.813] [INFO] cli 4.2.26 - ========== Listing renditions ===========
[2019-11-14T22:25:55.813] [INFO] cli 4.2.26 - 
[2019-11-14T22:25:55.813] [INFO] cli 4.2.26 - 
[2019-11-14T22:25:55.813] [INFO] cli 4.2.26 - ========== Listing content types ===========
[2019-11-14T22:25:55.813] [INFO] cli 4.2.26 - 
[2019-11-14T22:25:55.813] [INFO] cli 4.2.26 - 
[2019-11-14T22:25:55.813] [INFO] cli 4.2.26 - ========== Listing default content ===========
[2019-11-14T22:25:55.813] [INFO] cli 4.2.26 - 
[2019-11-14T22:25:55.813] [INFO] cli 4.2.26 - 
[2019-11-14T22:25:55.813] [INFO] cli 4.2.26 - ========== Listing content ===========
[2019-11-14T22:25:55.814] [INFO] cli 4.2.26 - 
[2019-11-14T22:25:55.814] [INFO] cli 4.2.26 - 
[2019-11-14T22:25:55.814] [INFO] cli 4.2.26 - ========== Listing site definitions ===========
[2019-11-14T22:25:55.814] [INFO] cli 4.2.26 - 
[2019-11-14T22:25:55.814] [INFO] cli 4.2.26 - 
[2019-11-14T22:25:55.814] [INFO] cli 4.2.26 - ========== Listing pages for the default site ===========
[2019-11-14T22:25:55.814] [INFO] cli 4.2.26 - 
[2019-11-14T22:25:55.814] [INFO] cli 4.2.26 - 
[2019-11-14T22:25:55.814] [INFO] cli 4.2.26 - List complete, artifacts listed 0
